<?xml version="1.0" encoding="UTF-8"?>
<testsuite xmlns:xsi="http://www.w3.org/2001/XMLSchema-instance" xsi:noNamespaceSchemaLocation="https://maven.apache.org/surefire/maven-surefire-plugin/xsd/surefire-test-report.xsd" name="algorithms.HeapSortTest" time="0.179" tests="10" errors="0" skipped="0" failures="0">
  <properties>
    <property name="java.specification.version" value="17"/>
    <property name="sun.jnu.encoding" value="UTF-8"/>
    <property name="java.class.path" value="/Applications/development/autoparts project/assignment2-heapsort/target/test-classes:/Applications/development/autoparts project/assignment2-heapsort/target/classes:/Users/behruztohtamishov/.m2/repository/org/junit/jupiter/junit-jupiter-api/5.7.2/junit-jupiter-api-5.7.2.jar:/Users/behruztohtamishov/.m2/repository/org/apiguardian/apiguardian-api/1.1.0/apiguardian-api-1.1.0.jar:/Users/behruztohtamishov/.m2/repository/org/opentest4j/opentest4j/1.2.0/opentest4j-1.2.0.jar:/Users/behruztohtamishov/.m2/repository/org/junit/platform/junit-platform-commons/1.7.2/junit-platform-commons-1.7.2.jar:/Users/behruztohtamishov/.m2/repository/org/junit/jupiter/junit-jupiter-engine/5.7.2/junit-jupiter-engine-5.7.2.jar:/Users/behruztohtamishov/.m2/repository/org/junit/platform/junit-platform-engine/1.7.2/junit-platform-engine-1.7.2.jar:/Users/behruztohtamishov/.m2/repository/org/jfree/jfreechart/1.5.3/jfreechart-1.5.3.jar:"/>
    <property name="java.vm.vendor" value="Homebrew"/>
    <property name="sun.arch.data.model" value="64"/>
    <property name="java.vendor.url" value="https://github.com/Homebrew/homebrew-core/issues"/>
    <property name="os.name" value="Mac OS X"/>
    <property name="java.vm.specification.version" value="17"/>
    <property name="sun.java.launcher" value="SUN_STANDARD"/>
    <property name="user.country" value="KZ"/>
    <property name="sun.boot.library.path" value="/opt/homebrew/Cellar/openjdk@17/17.0.14/libexec/openjdk.jdk/Contents/Home/lib"/>
    <property name="sun.java.command" value="/Applications/development/autoparts project/assignment2-heapsort/target/surefire/surefirebooter11744774451739211816.jar /Applications/development/autoparts project/assignment2-heapsort/target/surefire 2025-10-05T15-31-05_367-jvmRun1 surefire4464795500508442618tmp surefire_09444263960119872711tmp"/>
    <property name="jdk.debug" value="release"/>
    <property name="surefire.test.class.path" value="/Applications/development/autoparts project/assignment2-heapsort/target/test-classes:/Applications/development/autoparts project/assignment2-heapsort/target/classes:/Users/behruztohtamishov/.m2/repository/org/junit/jupiter/junit-jupiter-api/5.7.2/junit-jupiter-api-5.7.2.jar:/Users/behruztohtamishov/.m2/repository/org/apiguardian/apiguardian-api/1.1.0/apiguardian-api-1.1.0.jar:/Users/behruztohtamishov/.m2/repository/org/opentest4j/opentest4j/1.2.0/opentest4j-1.2.0.jar:/Users/behruztohtamishov/.m2/repository/org/junit/platform/junit-platform-commons/1.7.2/junit-platform-commons-1.7.2.jar:/Users/behruztohtamishov/.m2/repository/org/junit/jupiter/junit-jupiter-engine/5.7.2/junit-jupiter-engine-5.7.2.jar:/Users/behruztohtamishov/.m2/repository/org/junit/platform/junit-platform-engine/1.7.2/junit-platform-engine-1.7.2.jar:/Users/behruztohtamishov/.m2/repository/org/jfree/jfreechart/1.5.3/jfreechart-1.5.3.jar:"/>
    <property name="sun.cpu.endian" value="little"/>
    <property name="user.home" value="/Users/behruztohtamishov"/>
    <property name="user.language" value="en"/>
    <property name="java.specification.vendor" value="Oracle Corporation"/>
    <property name="java.version.date" value="2025-01-21"/>
    <property name="java.home" value="/opt/homebrew/Cellar/openjdk@17/17.0.14/libexec/openjdk.jdk/Contents/Home"/>
    <property name="file.separator" value="/"/>
    <property name="basedir" value="/Applications/development/autoparts project/assignment2-heapsort"/>
    <property name="java.vm.compressedOopsMode" value="Zero based"/>
    <property name="line.separator" value="&#10;"/>
    <property name="java.specification.name" value="Java Platform API Specification"/>
    <property name="java.vm.specification.vendor" value="Oracle Corporation"/>
    <property name="surefire.real.class.path" value="/Applications/development/autoparts project/assignment2-heapsort/target/surefire/surefirebooter11744774451739211816.jar"/>
    <property name="sun.management.compiler" value="HotSpot 64-Bit Tiered Compilers"/>
    <property name="java.runtime.version" value="17.0.14+0"/>
    <property name="user.name" value="behruztohtamishov"/>
    <property name="path.separator" value=":"/>
    <property name="os.version" value="15.6"/>
    <property name="java.runtime.name" value="OpenJDK Runtime Environment"/>
    <property name="file.encoding" value="UTF-8"/>
    <property name="java.vm.name" value="OpenJDK 64-Bit Server VM"/>
    <property name="java.vendor.version" value="Homebrew"/>
    <property name="localRepository" value="/Users/behruztohtamishov/.m2/repository"/>
    <property name="java.vendor.url.bug" value="https://github.com/Homebrew/homebrew-core/issues"/>
    <property name="java.io.tmpdir" value="/var/folders/tw/mn8r84lx2xj_mrfg3zg6kvqh0000gn/T/"/>
    <property name="java.version" value="17.0.14"/>
    <property name="user.dir" value="/Applications/development/autoparts project/assignment2-heapsort"/>
    <property name="os.arch" value="aarch64"/>
    <property name="java.vm.specification.name" value="Java Virtual Machine Specification"/>
    <property name="native.encoding" value="UTF-8"/>
    <property name="java.library.path" value="/Users/behruztohtamishov/Library/Java/Extensions:/Library/Java/Extensions:/Network/Library/Java/Extensions:/System/Library/Java/Extensions:/usr/lib/java:."/>
    <property name="java.vm.info" value="mixed mode, sharing"/>
    <property name="java.vendor" value="Homebrew"/>
    <property name="java.vm.version" value="17.0.14+0"/>
    <property name="java.specification.maintenance.version" value="1"/>
    <property name="sun.io.unicode.encoding" value="UnicodeBig"/>
    <property name="java.class.version" value="61.0"/>
  </properties>
  <testcase name="testPerformance" classname="algorithms.HeapSortTest" time="0.169"/>
  <testcase name="testCrossValidation" classname="algorithms.HeapSortTest" time="0.003"/>
  <testcase name="testWithNearlySortedData" classname="algorithms.HeapSortTest" time="0"/>
  <testcase name="testSingleElement" classname="algorithms.HeapSortTest" time="0"/>
  <testcase name="testEmptyArray" classname="algorithms.HeapSortTest" time="0"/>
  <testcase name="testWithDuplicates" classname="algorithms.HeapSortTest" time="0.001"/>
  <testcase name="testSort" classname="algorithms.HeapSortTest" time="0"/>
  <testcase name="testWithSortedData" classname="algorithms.HeapSortTest" time="0.001"/>
  <testcase name="testWithRandomData" classname="algorithms.HeapSortTest" time="0"/>
  <testcase name="testWithReverseSortedData" classname="algorithms.HeapSortTest" time="0.001"/>
</testsuite>